   Compiling proc-macro2 v1.0.103
   Compiling unicode-ident v1.0.22
   Compiling quote v1.0.42
   Compiling libc v0.2.177
   Compiling shlex v1.3.0
   Compiling find-msvc-tools v0.1.4
   Compiling serde_core v1.0.228
   Compiling typenum v1.19.0
   Compiling version_check v0.9.5
   Compiling serde v1.0.228
   Compiling icu_properties_data v2.1.1
   Compiling icu_normalizer_data v2.1.1
   Compiling stable_deref_trait v1.2.1
   Compiling parking_lot_core v0.9.12
   Compiling crossbeam-utils v0.8.21
   Compiling cfg-if v1.0.4
   Compiling autocfg v1.5.0
   Compiling smallvec v1.15.1
   Compiling litemap v0.8.1
   Compiling writeable v0.6.2
   Compiling rustls v0.23.35
   Compiling pin-project-lite v0.2.16
   Compiling serde_json v1.0.145
   Compiling futures-core v0.3.31
   Compiling thiserror v2.0.17
   Compiling cc v1.2.45
   Compiling pkg-config v0.3.32
   Compiling zeroize v1.8.2
   Compiling vcpkg v0.2.15
   Compiling scopeguard v1.2.0
   Compiling futures-sink v0.3.31
   Compiling untrusted v0.9.0
   Compiling generic-array v0.14.9
   Compiling num-traits v0.2.19
   Compiling lock_api v0.4.14
   Compiling rustls-pki-types v1.13.0
   Compiling memchr v2.7.6
   Compiling percent-encoding v2.3.2
   Compiling equivalent v1.0.2
   Compiling once_cell v1.21.3
   Compiling utf8_iter v1.0.4
   Compiling form_urlencoded v1.2.2
   Compiling itoa v1.0.15
   Compiling bytes v1.10.1
   Compiling allocator-api2 v0.2.21
   Compiling futures-io v0.3.31
   Compiling pin-utils v0.1.0
   Compiling ryu v1.0.20
   Compiling slab v0.4.11
   Compiling futures-task v0.3.31
   Compiling foldhash v0.1.5
   Compiling tracing-core v0.1.34
   Compiling webpki-roots v1.0.4
   Compiling concurrent-queue v2.5.0
   Compiling futures-util v0.3.31
   Compiling hashbrown v0.15.5
   Compiling hashbrown v0.16.0
   Compiling cpufeatures v0.2.17
   Compiling iana-time-zone v0.1.64
   Compiling subtle v2.6.1
   Compiling ring v0.17.14
   Compiling libsqlite3-sys v0.30.1
   Compiling parking v2.2.1
   Compiling log v0.4.28
   Compiling crc-catalog v2.4.0
   Compiling webpki-roots v0.26.11
   Compiling crossbeam-queue v0.3.12
   Compiling spin v0.9.8
   Compiling event-listener v5.4.1
   Compiling crc v3.3.0
   Compiling getrandom v0.2.16
   Compiling mio v1.1.0
   Compiling socket2 v0.6.1
   Compiling syn v2.0.110
   Compiling crypto-common v0.1.6
   Compiling block-buffer v0.10.4
   Compiling hashlink v0.10.0
   Compiling indexmap v2.12.0
   Compiling signal-hook-registry v1.4.6
   Compiling heck v0.5.0
   Compiling parking_lot v0.12.5
   Compiling tokio v1.48.0
   Compiling digest v0.10.7
   Compiling chrono v0.4.42
   Compiling base64 v0.22.1
   Compiling atoi v2.0.0
   Compiling flume v0.11.1
   Compiling futures-channel v0.3.31
   Compiling utf8parse v0.2.2
   Compiling futures-intrusive v0.5.0
   Compiling sha2 v0.10.9
   Compiling anstyle-parse v0.2.7
   Compiling is_terminal_polyfill v1.70.2
   Compiling futures-executor v0.3.31
   Compiling anstyle-query v1.1.4
   Compiling anstyle v1.0.13
   Compiling rustix v0.38.44
   Compiling colorchoice v1.0.4
   Compiling hex v0.4.3
   Compiling dotenvy v0.15.7
   Compiling lazy_static v1.5.0
   Compiling linux-raw-sys v0.4.15
   Compiling strsim v0.11.1
   Compiling bitflags v2.10.0
   Compiling anstream v0.6.21
   Compiling clap_lex v0.7.6
   Compiling anyhow v1.0.100
   Compiling sharded-slab v0.1.7
   Compiling tracing-log v0.2.0
   Compiling thread_local v1.1.9
   Compiling intent-engine v0.3.3 (/mnt/d/prj/intent-engine)
   Compiling home v0.5.12
   Compiling nu-ansi-term v0.50.3
   Compiling encoding_rs v0.8.35
   Compiling clap_builder v4.5.51
   Compiling tracing-subscriber v0.3.20
   Compiling synstructure v0.13.2
   Compiling zerofrom-derive v0.1.6
   Compiling yoke-derive v0.8.1
   Compiling zerovec-derive v0.11.2
   Compiling displaydoc v0.2.5
   Compiling serde_derive v1.0.228
   Compiling tracing-attributes v0.1.30
   Compiling thiserror-impl v2.0.17
   Compiling tokio-macros v2.6.0
   Compiling clap_derive v4.5.49
   Compiling tokio-stream v0.1.17
   Compiling zerofrom v0.1.6
   Compiling tracing v0.1.41
   Compiling yoke v0.8.1
   Compiling clap v4.5.51
   Compiling zerovec v0.11.5
   Compiling zerotrie v0.2.3
   Compiling tinystr v0.8.2
   Compiling potential_utf v0.1.4
   Compiling icu_collections v2.1.1
   Compiling icu_locale_core v2.1.1
   Compiling either v1.15.0
   Compiling serde_urlencoded v0.7.1
   Compiling icu_provider v2.1.1
   Compiling which v6.0.3
   Compiling icu_properties v2.1.1
   Compiling icu_normalizer v2.1.1
   Compiling idna_adapter v1.2.1
   Compiling idna v1.1.0
   Compiling url v2.5.7
   Compiling rustls-webpki v0.103.8
   Compiling sqlx-core v0.8.6
   Compiling sqlx-sqlite v0.8.6
   Compiling sqlx-macros-core v0.8.6
   Compiling sqlx-macros v0.8.6
   Compiling sqlx v0.8.6
    Finished `release` profile [optimized] target(s) in 37.02s
